<?xml version="1.0" encoding="UTF-8"?>
<!-- Generated by org.testng.reporters.JUnitReportReporter -->
<testsuite skipped="0" hostname="DESKTOP-CRHCDT9" name="com.testNG.TestNGDemo1" tests="4" failures="0" timestamp="08 Oct 2017 04:09:19 GMT" time="0.023" errors="0">
  <testcase name="Register" time="0.006" classname="com.testNG.TestNGDemo1"/>
  <testcase name="LoinCheck" time="0.008" classname="com.testNG.TestNGDemo1"/>
  <testcase name="EditUser" time="0.005" classname="com.testNG.TestNGDemo1"/>
  <testcase name="DeleteUser" time="0.004" classname="com.testNG.TestNGDemo1"/>
</testsuite> <!-- com.testNG.TestNGDemo1 -->
