<?xml version="1.0" encoding="UTF-8"?>
<!-- Generated by org.testng.reporters.JUnitReportReporter -->
<testsuite skipped="0" hostname="DESKTOP-CRHCDT9" name="com.testNG.TestNGDemo4" tests="1" failures="0" timestamp="08 Oct 2017 05:52:52 GMT" time="18.694" errors="0">
  <testcase name="Login" time="18.694" classname="com.testNG.TestNGDemo4"/>
</testsuite> <!-- com.testNG.TestNGDemo4 -->
