<?xml version="1.0" encoding="UTF-8"?>
<!-- Generated by org.testng.reporters.JUnitReportReporter -->
<testsuite skipped="0" hostname="DESKTOP-CRHCDT9" name="com.testNG.TestNGDemo" tests="1" failures="0" timestamp="08 Oct 2017 03:37:22 GMT" time="0.010" errors="0">
  <testcase name="Demo1" time="0.010" classname="com.testNG.TestNGDemo"/>
</testsuite> <!-- com.testNG.TestNGDemo -->
